<?xml version="1.0" encoding="UTF-8" ?>
<testsuite tests="12" failures="0" name="ch.swissqr.TestPDF" time="12.097" errors="0" skipped="0">
  <properties>
[...]
</properties>
  <testcase classname="ch.swissqr.TestPDF" name="testCreatePaymentSlipMaxInfo" time="2.588"/>
  <testcase classname="ch.swissqr.TestPDF" name="testReadBarcode" time="0.105"/>
  <testcase classname="ch.swissqr.TestPDF" name="testCreatePaymentSlipBox" time="0.755"/>
  <testcase classname="ch.swissqr.TestPDF" name="testWrite" time="0.321"/>
  <testcase classname="ch.swissqr.TestPDF" name="testWriteImagesNoDebitor" time="2.833"/>
  <testcase classname="ch.swissqr.TestPDF" name="testCombinePDF" time="0.323"/>
  <testcase classname="ch.swissqr.TestPDF" name="testWriteImages" time="1.548"/>
  <testcase classname="ch.swissqr.TestPDF" name="testReadBarcodeString" time="0.039"/>
  <testcase classname="ch.swissqr.TestPDF" name="testWriteA5" time="0.306"/>
  <testcase classname="ch.swissqr.TestPDF" name="testCreatePaymentSlip" time="1.237"/>
  <testcase classname="ch.swissqr.TestPDF" name="testWriteImagesNoAmount" time="1.714"/>
  <testcase classname="ch.swissqr.TestPDF" name="testParsePDF" time="0.328"/>
</testsuite>