<?xml version="1.0" encoding="UTF-8" ?>
<testsuite tests="6" failures="0" name="ch.swissqr.TestDataFormatsContentBarcodeCH" time="0.166" errors="0" skipped="0">
  <properties>
[...]
</properties>
  <testcase classname="ch.swissqr.TestDataFormatsContentBarcodeCH" name="testWriteCSV" time="0.005"/>
  <testcase classname="ch.swissqr.TestDataFormatsContentBarcodeCH" name="testWriteJson" time="0.069"/>
  <testcase classname="ch.swissqr.TestDataFormatsContentBarcodeCH" name="testWriteText" time="0"/>
  <testcase classname="ch.swissqr.TestDataFormatsContentBarcodeCH" name="testReadJson" time="0.08"/>
  <testcase classname="ch.swissqr.TestDataFormatsContentBarcodeCH" name="testReadText" time="0.002"/>
  <testcase classname="ch.swissqr.TestDataFormatsContentBarcodeCH" name="testReadCSV" time="0.01"/>
</testsuite>